<?xml version="1.0" encoding="UTF-8"?>
<!-- Generated by org.testng.reporters.JUnitXMLReporter -->
<testsuite hostname="73TTSQ2" ignored="1" name="SaleorWeb1_2" tests="2" failures="0" timestamp="06 May 2019 15:17:17 GMT" time="39.773" errors="0">
  <testcase name="SearchText" time="2.248" classname="com.testNG.SaleorWeb1"/>
  <testcase name="LogIn" time="5.403" classname="com.testNG.SaleorWeb2"/>
  <testcase name="@BeforeTest Open_Browser" time="0.0" classname="com.testNG.OpenBrowser">
    <ignored/>
  </testcase> <!-- @BeforeTest Open_Browser -->
</testsuite> <!-- SaleorWeb1_2 -->
